<?xml version="1.0" encoding="UTF-8"?>
<testsuite name="org.hyperskill.stopwatch.SettingsDialogFragmentTest" tests="8" skipped="0" failures="0" errors="0" timestamp="2022-03-19T11:11:31" hostname="Dmitrys-MBP" time="11.853">
  <properties/>
  <testcase name="testShouldCheckColorsOnRestart" classname="org.hyperskill.stopwatch.SettingsDialogFragmentTest" time="3.837"/>
  <testcase name="testShouldCheckSettingsButtonEnable" classname="org.hyperskill.stopwatch.SettingsDialogFragmentTest" time="0.426"/>
  <testcase name="testShouldCheckLimitIsSetOnOk" classname="org.hyperskill.stopwatch.SettingsDialogFragmentTest" time="3.516"/>
  <testcase name="testShouldCheckLimitIsNotSetOnCancel" classname="org.hyperskill.stopwatch.SettingsDialogFragmentTest" time="3.498"/>
  <testcase name="testShouldCheckSettingsButtonExist" classname="org.hyperskill.stopwatch.SettingsDialogFragmentTest" time="0.111"/>
  <testcase name="testDialogButtonsShouldContainText" classname="org.hyperskill.stopwatch.SettingsDialogFragmentTest" time="0.19"/>
  <testcase name="testShouldCheckSettingsButtonText" classname="org.hyperskill.stopwatch.SettingsDialogFragmentTest" time="0.107"/>
  <testcase name="testShouldShowAlertDialogOnSettingsButtonClick" classname="org.hyperskill.stopwatch.SettingsDialogFragmentTest" time="0.168"/>
  <system-out><![CDATA[[Robolectric] org.hyperskill.stopwatch.SettingsDialogFragmentTest.testShouldCheckColorsOnRestart: sdk=28; resources=BINARY
[Robolectric] org.hyperskill.stopwatch.SettingsDialogFragmentTest.testShouldCheckSettingsButtonEnable: sdk=28; resources=BINARY
[Robolectric] org.hyperskill.stopwatch.SettingsDialogFragmentTest.testShouldCheckLimitIsSetOnOk: sdk=28; resources=BINARY
[Robolectric] org.hyperskill.stopwatch.SettingsDialogFragmentTest.testShouldCheckLimitIsNotSetOnCancel: sdk=28; resources=BINARY
[Robolectric] org.hyperskill.stopwatch.SettingsDialogFragmentTest.testShouldCheckSettingsButtonExist: sdk=28; resources=BINARY
[Robolectric] org.hyperskill.stopwatch.SettingsDialogFragmentTest.testDialogButtonsShouldContainText: sdk=28; resources=BINARY
[Robolectric] org.hyperskill.stopwatch.SettingsDialogFragmentTest.testShouldCheckSettingsButtonText: sdk=28; resources=BINARY
[Robolectric] org.hyperskill.stopwatch.SettingsDialogFragmentTest.testShouldShowAlertDialogOnSettingsButtonClick: sdk=28; resources=BINARY
]]></system-out>
  <system-err><![CDATA[]]></system-err>
</testsuite>
